<?xml version="1.0" encoding="UTF-8"?>
<!-- Generated by org.testng.reporters.JUnitReportReporter -->
<testsuite skipped="0" hostname="Souradip-PC" name="Maven.NewDesign.UI_table_Validation" tests="1" failures="0" timestamp="08 Jun 2019 18:11:13 GMT" time="15.727" errors="0">
  <testcase name="TestSuite" time="15.727" classname="Maven.NewDesign.UI_table_Validation"/>
</testsuite> <!-- Maven.NewDesign.UI_table_Validation -->
