<?xml version="1.0" encoding="UTF-8"?>
<!-- Generated by org.testng.reporters.JUnitReportReporter -->
<testsuite skipped="0" hostname="Souradip-PC" name="Maven.NewDesign.UI_Window_Test" tests="1" failures="0" timestamp="12 Jan 2019 12:08:18 GMT" time="46.484" errors="0">
  <testcase name="TestSuite" time="46.484" classname="Maven.NewDesign.UI_Window_Test"/>
</testsuite> <!-- Maven.NewDesign.UI_Window_Test -->
